2022-03-14 23:55:45,133 [Worker-8: Loading available Gradle versions] INFO  o.e.b.c.i.u.g.PublishedGradleVersions - Gradle version information cache is out-of-date. Trying to update.
2022-03-14 23:56:58,321 [Worker-0: Importing Maven projects] INFO  o.e.m.c.i.l.LifecycleMappingFactory - Using org.eclipse.m2e.jdt.JarLifecycleMapping lifecycle mapping for MavenProject: io.github.mohabmohie:round21_shaft:0.0.1-SNAPSHOT @ /Users/heshamkhaled/Downloads/round21_shaft/pom.xml.
2022-03-14 23:56:59,418 [Worker-0: Importing Maven projects] INFO  o.e.m.c.i.e.AbstractTransferListenerAdapter - Downloading https://automatest.jfrog.io/artifactory/SHAFT_ENGINE/io/github/mohabmohie/SHAFT_ENGINE/6.1.20220224/SHAFT_ENGINE-6.1.20220224.pom
2022-03-14 23:56:59,711 [Worker-0: Importing Maven projects] INFO  o.e.m.c.i.e.AbstractTransferListenerAdapter - Downloaded https://automatest.jfrog.io/artifactory/SHAFT_ENGINE/io/github/mohabmohie/SHAFT_ENGINE/6.1.20220224/SHAFT_ENGINE-6.1.20220224.pom
2022-03-14 23:56:59,971 [Worker-0: Importing Maven projects] INFO  o.e.m.c.i.e.AbstractTransferListenerAdapter - Downloaded https://automatest.jfrog.io/artifactory/SHAFT_ENGINE/io/netty/netty-handler/4.1.74.Final/netty-handler-4.1.74.Final.pom
2022-03-14 23:57:00,416 [Worker-0: Importing Maven projects] INFO  o.e.m.c.i.e.AbstractTransferListenerAdapter - Downloading https://repo.maven.apache.org/maven2/io/netty/netty-handler/4.1.74.Final/netty-handler-4.1.74.Final.pom
2022-03-14 23:57:00,471 [Worker-0: Importing Maven projects] INFO  o.e.m.c.i.e.AbstractTransferListenerAdapter - Downloaded https://repo.maven.apache.org/maven2/io/netty/netty-handler/4.1.74.Final/netty-handler-4.1.74.Final.pom
2022-03-14 23:57:00,624 [Worker-0: Importing Maven projects] INFO  o.e.m.c.i.e.AbstractTransferListenerAdapter - Downloaded https://automatest.jfrog.io/artifactory/SHAFT_ENGINE/io/netty/netty-parent/4.1.74.Final/netty-parent-4.1.74.Final.pom
2022-03-14 23:57:00,672 [Worker-0: Importing Maven projects] INFO  o.e.m.c.i.e.AbstractTransferListenerAdapter - Downloading https://repo.maven.apache.org/maven2/io/netty/netty-parent/4.1.74.Final/netty-parent-4.1.74.Final.pom
2022-03-14 23:57:00,775 [Worker-0: Importing Maven projects] INFO  o.e.m.c.i.e.AbstractTransferListenerAdapter - Downloaded https://repo.maven.apache.org/maven2/io/netty/netty-parent/4.1.74.Final/netty-parent-4.1.74.Final.pom
2022-03-14 23:57:00,923 [Worker-0: Importing Maven projects] INFO  o.e.m.c.i.e.AbstractTransferListenerAdapter - Downloaded https://automatest.jfrog.io/artifactory/SHAFT_ENGINE/io/netty/netty-common/4.1.74.Final/netty-common-4.1.74.Final.pom
2022-03-14 23:57:00,972 [Worker-0: Importing Maven projects] INFO  o.e.m.c.i.e.AbstractTransferListenerAdapter - Downloading https://repo.maven.apache.org/maven2/io/netty/netty-common/4.1.74.Final/netty-common-4.1.74.Final.pom
2022-03-14 23:57:01,025 [Worker-0: Importing Maven projects] INFO  o.e.m.c.i.e.AbstractTransferListenerAdapter - Downloaded https://repo.maven.apache.org/maven2/io/netty/netty-common/4.1.74.Final/netty-common-4.1.74.Final.pom
2022-03-14 23:57:01,174 [Worker-0: Importing Maven projects] INFO  o.e.m.c.i.e.AbstractTransferListenerAdapter - Downloaded https://automatest.jfrog.io/artifactory/SHAFT_ENGINE/io/netty/netty-resolver/4.1.74.Final/netty-resolver-4.1.74.Final.pom
2022-03-14 23:57:01,221 [Worker-0: Importing Maven projects] INFO  o.e.m.c.i.e.AbstractTransferListenerAdapter - Downloading https://repo.maven.apache.org/maven2/io/netty/netty-resolver/4.1.74.Final/netty-resolver-4.1.74.Final.pom
2022-03-14 23:57:01,266 [Worker-0: Importing Maven projects] INFO  o.e.m.c.i.e.AbstractTransferListenerAdapter - Downloaded https://repo.maven.apache.org/maven2/io/netty/netty-resolver/4.1.74.Final/netty-resolver-4.1.74.Final.pom
2022-03-14 23:57:01,414 [Worker-0: Importing Maven projects] INFO  o.e.m.c.i.e.AbstractTransferListenerAdapter - Downloaded https://automatest.jfrog.io/artifactory/SHAFT_ENGINE/io/netty/netty-buffer/4.1.74.Final/netty-buffer-4.1.74.Final.pom
2022-03-14 23:57:01,460 [Worker-0: Importing Maven projects] INFO  o.e.m.c.i.e.AbstractTransferListenerAdapter - Downloading https://repo.maven.apache.org/maven2/io/netty/netty-buffer/4.1.74.Final/netty-buffer-4.1.74.Final.pom
2022-03-14 23:57:01,507 [Worker-0: Importing Maven projects] INFO  o.e.m.c.i.e.AbstractTransferListenerAdapter - Downloaded https://repo.maven.apache.org/maven2/io/netty/netty-buffer/4.1.74.Final/netty-buffer-4.1.74.Final.pom
2022-03-14 23:57:01,656 [Worker-0: Importing Maven projects] INFO  o.e.m.c.i.e.AbstractTransferListenerAdapter - Downloaded https://automatest.jfrog.io/artifactory/SHAFT_ENGINE/io/netty/netty-transport/4.1.74.Final/netty-transport-4.1.74.Final.pom
2022-03-14 23:57:01,702 [Worker-0: Importing Maven projects] INFO  o.e.m.c.i.e.AbstractTransferListenerAdapter - Downloading https://repo.maven.apache.org/maven2/io/netty/netty-transport/4.1.74.Final/netty-transport-4.1.74.Final.pom
2022-03-14 23:57:01,747 [Worker-0: Importing Maven projects] INFO  o.e.m.c.i.e.AbstractTransferListenerAdapter - Downloaded https://repo.maven.apache.org/maven2/io/netty/netty-transport/4.1.74.Final/netty-transport-4.1.74.Final.pom
2022-03-14 23:57:01,895 [Worker-0: Importing Maven projects] INFO  o.e.m.c.i.e.AbstractTransferListenerAdapter - Downloaded https://automatest.jfrog.io/artifactory/SHAFT_ENGINE/io/netty/netty-codec/4.1.74.Final/netty-codec-4.1.74.Final.pom
2022-03-14 23:57:01,942 [Worker-0: Importing Maven projects] INFO  o.e.m.c.i.e.AbstractTransferListenerAdapter - Downloading https://repo.maven.apache.org/maven2/io/netty/netty-codec/4.1.74.Final/netty-codec-4.1.74.Final.pom
2022-03-14 23:57:01,988 [Worker-0: Importing Maven projects] INFO  o.e.m.c.i.e.AbstractTransferListenerAdapter - Downloaded https://repo.maven.apache.org/maven2/io/netty/netty-codec/4.1.74.Final/netty-codec-4.1.74.Final.pom
2022-03-14 23:57:02,137 [Worker-0: Importing Maven projects] INFO  o.e.m.c.i.e.AbstractTransferListenerAdapter - Downloaded https://automatest.jfrog.io/artifactory/SHAFT_ENGINE/io/netty/netty-tcnative-classes/2.0.48.Final/netty-tcnative-classes-2.0.48.Final.pom
2022-03-14 23:57:02,183 [Worker-0: Importing Maven projects] INFO  o.e.m.c.i.e.AbstractTransferListenerAdapter - Downloading https://repo.maven.apache.org/maven2/io/netty/netty-tcnative-classes/2.0.48.Final/netty-tcnative-classes-2.0.48.Final.pom
2022-03-14 23:57:02,230 [Worker-0: Importing Maven projects] INFO  o.e.m.c.i.e.AbstractTransferListenerAdapter - Downloaded https://repo.maven.apache.org/maven2/io/netty/netty-tcnative-classes/2.0.48.Final/netty-tcnative-classes-2.0.48.Final.pom
2022-03-14 23:57:02,381 [Worker-0: Importing Maven projects] INFO  o.e.m.c.i.e.AbstractTransferListenerAdapter - Downloaded https://automatest.jfrog.io/artifactory/SHAFT_ENGINE/io/netty/netty-tcnative-parent/2.0.48.Final/netty-tcnative-parent-2.0.48.Final.pom
2022-03-14 23:57:02,442 [Worker-0: Importing Maven projects] INFO  o.e.m.c.i.e.AbstractTransferListenerAdapter - Downloading https://repo.maven.apache.org/maven2/io/netty/netty-tcnative-parent/2.0.48.Final/netty-tcnative-parent-2.0.48.Final.pom
2022-03-14 23:57:02,496 [Worker-0: Importing Maven projects] INFO  o.e.m.c.i.e.AbstractTransferListenerAdapter - Downloaded https://repo.maven.apache.org/maven2/io/netty/netty-tcnative-parent/2.0.48.Final/netty-tcnative-parent-2.0.48.Final.pom
2022-03-14 23:57:02,999 [Worker-0: Importing Maven projects] INFO  o.e.m.c.i.e.AbstractTransferListenerAdapter - Downloaded https://automatest.jfrog.io/artifactory/SHAFT_ENGINE/org/apache/poi/poi/5.2.0/poi-5.2.0.pom
2022-03-14 23:57:03,046 [Worker-0: Importing Maven projects] INFO  o.e.m.c.i.e.AbstractTransferListenerAdapter - Downloading https://repo.maven.apache.org/maven2/org/apache/poi/poi/5.2.0/poi-5.2.0.pom
2022-03-14 23:57:03,094 [Worker-0: Importing Maven projects] INFO  o.e.m.c.i.e.AbstractTransferListenerAdapter - Downloaded https://repo.maven.apache.org/maven2/org/apache/poi/poi/5.2.0/poi-5.2.0.pom
2022-03-14 23:57:03,253 [Worker-0: Importing Maven projects] INFO  o.e.m.c.i.e.AbstractTransferListenerAdapter - Downloaded https://automatest.jfrog.io/artifactory/SHAFT_ENGINE/org/apache/poi/poi-ooxml/5.2.0/poi-ooxml-5.2.0.pom
2022-03-14 23:57:03,301 [Worker-0: Importing Maven projects] INFO  o.e.m.c.i.e.AbstractTransferListenerAdapter - Downloading https://repo.maven.apache.org/maven2/org/apache/poi/poi-ooxml/5.2.0/poi-ooxml-5.2.0.pom
2022-03-14 23:57:03,348 [Worker-0: Importing Maven projects] INFO  o.e.m.c.i.e.AbstractTransferListenerAdapter - Downloaded https://repo.maven.apache.org/maven2/org/apache/poi/poi-ooxml/5.2.0/poi-ooxml-5.2.0.pom
2022-03-14 23:57:03,519 [Worker-0: Importing Maven projects] INFO  o.e.m.c.i.e.AbstractTransferListenerAdapter - Downloaded https://automatest.jfrog.io/artifactory/SHAFT_ENGINE/org/apache/poi/poi-ooxml-lite/5.2.0/poi-ooxml-lite-5.2.0.pom
2022-03-14 23:57:03,570 [Worker-0: Importing Maven projects] INFO  o.e.m.c.i.e.AbstractTransferListenerAdapter - Downloading https://repo.maven.apache.org/maven2/org/apache/poi/poi-ooxml-lite/5.2.0/poi-ooxml-lite-5.2.0.pom
2022-03-14 23:57:03,620 [Worker-0: Importing Maven projects] INFO  o.e.m.c.i.e.AbstractTransferListenerAdapter - Downloaded https://repo.maven.apache.org/maven2/org/apache/poi/poi-ooxml-lite/5.2.0/poi-ooxml-lite-5.2.0.pom
2022-03-14 23:57:03,879 [AetherRepositoryConnector-automatest.jfrog.io-0-1] INFO  o.e.m.c.i.e.AbstractTransferListenerAdapter - Downloaded https://automatest.jfrog.io/artifactory/SHAFT_ENGINE/io/netty/netty-handler/4.1.74.Final/netty-handler-4.1.74.Final.jar
2022-03-14 23:57:04,027 [AetherRepositoryConnector-automatest.jfrog.io-0-1] INFO  o.e.m.c.i.e.AbstractTransferListenerAdapter - Downloaded https://automatest.jfrog.io/artifactory/SHAFT_ENGINE/io/netty/netty-transport/4.1.74.Final/netty-transport-4.1.74.Final.jar
2022-03-14 23:57:04,175 [AetherRepositoryConnector-automatest.jfrog.io-0-1] INFO  o.e.m.c.i.e.AbstractTransferListenerAdapter - Downloaded https://automatest.jfrog.io/artifactory/SHAFT_ENGINE/io/netty/netty-codec/4.1.74.Final/netty-codec-4.1.74.Final.jar
2022-03-14 23:57:04,323 [AetherRepositoryConnector-automatest.jfrog.io-0-1] INFO  o.e.m.c.i.e.AbstractTransferListenerAdapter - Downloaded https://automatest.jfrog.io/artifactory/SHAFT_ENGINE/io/netty/netty-tcnative-classes/2.0.48.Final/netty-tcnative-classes-2.0.48.Final.jar
2022-03-14 23:57:04,367 [AetherRepositoryConnector-automatest.jfrog.io-0-4] INFO  o.e.m.c.i.e.AbstractTransferListenerAdapter - Downloaded https://automatest.jfrog.io/artifactory/SHAFT_ENGINE/io/netty/netty-buffer/4.1.74.Final/netty-buffer-4.1.74.Final.jar
2022-03-14 23:57:04,474 [AetherRepositoryConnector-automatest.jfrog.io-0-1] INFO  o.e.m.c.i.e.AbstractTransferListenerAdapter - Downloaded https://automatest.jfrog.io/artifactory/SHAFT_ENGINE/org/apache/poi/poi/5.2.0/poi-5.2.0.jar
2022-03-14 23:57:04,506 [AetherRepositoryConnector-automatest.jfrog.io-0-3] INFO  o.e.m.c.i.e.AbstractTransferListenerAdapter - Downloaded https://automatest.jfrog.io/artifactory/SHAFT_ENGINE/io/netty/netty-resolver/4.1.74.Final/netty-resolver-4.1.74.Final.jar
2022-03-14 23:57:04,511 [AetherRepositoryConnector-automatest.jfrog.io-0-2] INFO  o.e.m.c.i.e.AbstractTransferListenerAdapter - Downloaded https://automatest.jfrog.io/artifactory/SHAFT_ENGINE/io/netty/netty-common/4.1.74.Final/netty-common-4.1.74.Final.jar
2022-03-14 23:57:04,517 [AetherRepositoryConnector-automatest.jfrog.io-0-4] INFO  o.e.m.c.i.e.AbstractTransferListenerAdapter - Downloaded https://automatest.jfrog.io/artifactory/SHAFT_ENGINE/org/apache/poi/poi-ooxml/5.2.0/poi-ooxml-5.2.0.jar
2022-03-14 23:57:04,623 [AetherRepositoryConnector-automatest.jfrog.io-0-1] INFO  o.e.m.c.i.e.AbstractTransferListenerAdapter - Downloaded https://automatest.jfrog.io/artifactory/SHAFT_ENGINE/org/apache/poi/poi-ooxml-lite/5.2.0/poi-ooxml-lite-5.2.0.jar
2022-03-14 23:57:05,288 [AetherRepositoryConnector-automatest.jfrog.io-0-0] INFO  o.e.m.c.i.e.AbstractTransferListenerAdapter - Downloading https://automatest.jfrog.io/artifactory/SHAFT_ENGINE/io/github/mohabmohie/SHAFT_ENGINE/6.1.20220224/SHAFT_ENGINE-6.1.20220224.jar
2022-03-14 23:57:05,978 [AetherRepositoryConnector-automatest.jfrog.io-1-1] INFO  o.e.m.c.i.e.AbstractTransferListenerAdapter - Downloaded https://automatest.jfrog.io/artifactory/SHAFT_ENGINE/io/netty/netty-handler/4.1.74.Final/netty-handler-4.1.74.Final.jar
2022-03-14 23:57:05,979 [AetherRepositoryConnector-automatest.jfrog.io-1-3] INFO  o.e.m.c.i.e.AbstractTransferListenerAdapter - Downloaded https://automatest.jfrog.io/artifactory/SHAFT_ENGINE/io/netty/netty-resolver/4.1.74.Final/netty-resolver-4.1.74.Final.jar
2022-03-14 23:57:06,000 [AetherRepositoryConnector-automatest.jfrog.io-1-4] INFO  o.e.m.c.i.e.AbstractTransferListenerAdapter - Downloaded https://automatest.jfrog.io/artifactory/SHAFT_ENGINE/io/netty/netty-buffer/4.1.74.Final/netty-buffer-4.1.74.Final.jar
2022-03-14 23:57:06,011 [AetherRepositoryConnector-automatest.jfrog.io-1-2] INFO  o.e.m.c.i.e.AbstractTransferListenerAdapter - Downloaded https://automatest.jfrog.io/artifactory/SHAFT_ENGINE/io/netty/netty-common/4.1.74.Final/netty-common-4.1.74.Final.jar
2022-03-14 23:57:06,122 [AetherRepositoryConnector-automatest.jfrog.io-1-1] INFO  o.e.m.c.i.e.AbstractTransferListenerAdapter - Downloaded https://automatest.jfrog.io/artifactory/SHAFT_ENGINE/io/netty/netty-transport/4.1.74.Final/netty-transport-4.1.74.Final.jar
2022-03-14 23:57:06,126 [AetherRepositoryConnector-automatest.jfrog.io-1-3] INFO  o.e.m.c.i.e.AbstractTransferListenerAdapter - Downloaded https://automatest.jfrog.io/artifactory/SHAFT_ENGINE/io/netty/netty-codec/4.1.74.Final/netty-codec-4.1.74.Final.jar
2022-03-14 23:57:06,140 [AetherRepositoryConnector-automatest.jfrog.io-1-4] INFO  o.e.m.c.i.e.AbstractTransferListenerAdapter - Downloaded https://automatest.jfrog.io/artifactory/SHAFT_ENGINE/io/netty/netty-tcnative-classes/2.0.48.Final/netty-tcnative-classes-2.0.48.Final.jar
2022-03-14 23:57:06,158 [AetherRepositoryConnector-automatest.jfrog.io-1-2] INFO  o.e.m.c.i.e.AbstractTransferListenerAdapter - Downloaded https://automatest.jfrog.io/artifactory/SHAFT_ENGINE/org/apache/poi/poi/5.2.0/poi-5.2.0.jar
2022-03-14 23:57:06,273 [AetherRepositoryConnector-automatest.jfrog.io-1-3] INFO  o.e.m.c.i.e.AbstractTransferListenerAdapter - Downloaded https://automatest.jfrog.io/artifactory/SHAFT_ENGINE/org/apache/poi/poi-ooxml-lite/5.2.0/poi-ooxml-lite-5.2.0.jar
2022-03-14 23:57:06,284 [AetherRepositoryConnector-automatest.jfrog.io-1-1] INFO  o.e.m.c.i.e.AbstractTransferListenerAdapter - Downloaded https://automatest.jfrog.io/artifactory/SHAFT_ENGINE/org/apache/poi/poi-ooxml/5.2.0/poi-ooxml-5.2.0.jar
2022-03-14 23:57:06,410 [AetherRepositoryConnector-automatest.jfrog.io-0-0] INFO  o.e.m.c.i.e.AbstractTransferListenerAdapter - Downloaded https://automatest.jfrog.io/artifactory/SHAFT_ENGINE/io/github/mohabmohie/SHAFT_ENGINE/6.1.20220224/SHAFT_ENGINE-6.1.20220224.jar
2022-03-14 23:57:06,470 [AetherRepositoryConnector-repo.maven.apache.org-2-0] INFO  o.e.m.c.i.e.AbstractTransferListenerAdapter - Downloading https://repo.maven.apache.org/maven2/io/netty/netty-handler/4.1.74.Final/netty-handler-4.1.74.Final.jar
2022-03-14 23:57:06,525 [AetherRepositoryConnector-repo.maven.apache.org-2-2] INFO  o.e.m.c.i.e.AbstractTransferListenerAdapter - Downloading https://repo.maven.apache.org/maven2/io/netty/netty-resolver/4.1.74.Final/netty-resolver-4.1.74.Final.jar
2022-03-14 23:57:06,555 [AetherRepositoryConnector-repo.maven.apache.org-2-1] INFO  o.e.m.c.i.e.AbstractTransferListenerAdapter - Downloading https://repo.maven.apache.org/maven2/io/netty/netty-common/4.1.74.Final/netty-common-4.1.74.Final.jar
2022-03-14 23:57:06,555 [AetherRepositoryConnector-repo.maven.apache.org-2-4] INFO  o.e.m.c.i.e.AbstractTransferListenerAdapter - Downloading https://repo.maven.apache.org/maven2/io/netty/netty-transport/4.1.74.Final/netty-transport-4.1.74.Final.jar
2022-03-14 23:57:06,555 [AetherRepositoryConnector-repo.maven.apache.org-2-3] INFO  o.e.m.c.i.e.AbstractTransferListenerAdapter - Downloading https://repo.maven.apache.org/maven2/io/netty/netty-buffer/4.1.74.Final/netty-buffer-4.1.74.Final.jar
2022-03-14 23:57:06,820 [AetherRepositoryConnector-automatest.jfrog.io-1-0] INFO  o.e.m.c.i.e.AbstractTransferListenerAdapter - Downloading https://automatest.jfrog.io/artifactory/SHAFT_ENGINE/io/github/mohabmohie/SHAFT_ENGINE/6.1.20220224/SHAFT_ENGINE-6.1.20220224.jar
2022-03-14 23:57:06,993 [AetherRepositoryConnector-repo.maven.apache.org-2-2] INFO  o.e.m.c.i.e.AbstractTransferListenerAdapter - Downloaded https://repo.maven.apache.org/maven2/io/netty/netty-resolver/4.1.74.Final/netty-resolver-4.1.74.Final.jar
2022-03-14 23:57:07,017 [AetherRepositoryConnector-repo.maven.apache.org-2-0] INFO  o.e.m.c.i.e.AbstractTransferListenerAdapter - Downloaded https://repo.maven.apache.org/maven2/io/netty/netty-handler/4.1.74.Final/netty-handler-4.1.74.Final.jar
2022-03-14 23:57:07,045 [AetherRepositoryConnector-repo.maven.apache.org-2-2] INFO  o.e.m.c.i.e.AbstractTransferListenerAdapter - Downloading https://repo.maven.apache.org/maven2/io/netty/netty-codec/4.1.74.Final/netty-codec-4.1.74.Final.jar
2022-03-14 23:57:07,197 [AetherRepositoryConnector-repo.maven.apache.org-2-0] INFO  o.e.m.c.i.e.AbstractTransferListenerAdapter - Downloading https://repo.maven.apache.org/maven2/io/netty/netty-tcnative-classes/2.0.48.Final/netty-tcnative-classes-2.0.48.Final.jar
2022-03-14 23:57:07,198 [AetherRepositoryConnector-repo.maven.apache.org-2-1] INFO  o.e.m.c.i.e.AbstractTransferListenerAdapter - Downloaded https://repo.maven.apache.org/maven2/io/netty/netty-common/4.1.74.Final/netty-common-4.1.74.Final.jar
2022-03-14 23:57:07,198 [AetherRepositoryConnector-repo.maven.apache.org-2-3] INFO  o.e.m.c.i.e.AbstractTransferListenerAdapter - Downloaded https://repo.maven.apache.org/maven2/io/netty/netty-buffer/4.1.74.Final/netty-buffer-4.1.74.Final.jar
2022-03-14 23:57:07,198 [AetherRepositoryConnector-repo.maven.apache.org-2-4] INFO  o.e.m.c.i.e.AbstractTransferListenerAdapter - Downloaded https://repo.maven.apache.org/maven2/io/netty/netty-transport/4.1.74.Final/netty-transport-4.1.74.Final.jar
2022-03-14 23:57:07,242 [AetherRepositoryConnector-repo.maven.apache.org-2-4] INFO  o.e.m.c.i.e.AbstractTransferListenerAdapter - Downloading https://repo.maven.apache.org/maven2/org/apache/poi/poi-ooxml-lite/5.2.0/poi-ooxml-lite-5.2.0.jar
2022-03-14 23:57:07,926 [AetherRepositoryConnector-repo.maven.apache.org-2-3] INFO  o.e.m.c.i.e.AbstractTransferListenerAdapter - Downloading https://repo.maven.apache.org/maven2/org/apache/poi/poi-ooxml/5.2.0/poi-ooxml-5.2.0.jar
2022-03-14 23:57:08,061 [AetherRepositoryConnector-repo.maven.apache.org-2-1] INFO  o.e.m.c.i.e.AbstractTransferListenerAdapter - Downloading https://repo.maven.apache.org/maven2/org/apache/poi/poi/5.2.0/poi-5.2.0.jar
2022-03-14 23:57:08,063 [AetherRepositoryConnector-repo.maven.apache.org-2-0] INFO  o.e.m.c.i.e.AbstractTransferListenerAdapter - Downloaded https://repo.maven.apache.org/maven2/io/netty/netty-tcnative-classes/2.0.48.Final/netty-tcnative-classes-2.0.48.Final.jar
2022-03-14 23:57:08,063 [AetherRepositoryConnector-repo.maven.apache.org-2-2] INFO  o.e.m.c.i.e.AbstractTransferListenerAdapter - Downloaded https://repo.maven.apache.org/maven2/io/netty/netty-codec/4.1.74.Final/netty-codec-4.1.74.Final.jar
2022-03-14 23:57:11,200 [AetherRepositoryConnector-repo.maven.apache.org-2-3] INFO  o.e.m.c.i.e.AbstractTransferListenerAdapter - Downloaded https://repo.maven.apache.org/maven2/org/apache/poi/poi-ooxml/5.2.0/poi-ooxml-5.2.0.jar
2022-03-14 23:57:12,004 [AetherRepositoryConnector-repo.maven.apache.org-2-1] INFO  o.e.m.c.i.e.AbstractTransferListenerAdapter - Downloaded https://repo.maven.apache.org/maven2/org/apache/poi/poi/5.2.0/poi-5.2.0.jar
2022-03-14 23:57:12,108 [AetherRepositoryConnector-repo.maven.apache.org-2-4] INFO  o.e.m.c.i.e.AbstractTransferListenerAdapter - Downloaded https://repo.maven.apache.org/maven2/org/apache/poi/poi-ooxml-lite/5.2.0/poi-ooxml-lite-5.2.0.jar
2022-03-14 23:57:12,361 [Worker-0: Importing Maven projects] INFO  o.e.m.j.i.AbstractJavaProjectConfigurator - Adding source folder /round21_shaft/src/main/java
2022-03-14 23:57:12,361 [Worker-0: Importing Maven projects] INFO  o.e.m.j.i.AbstractJavaProjectConfigurator - Adding resource folder /round21_shaft/src/main/resources
2022-03-14 23:57:12,361 [Worker-0: Importing Maven projects] INFO  o.e.m.j.i.AbstractJavaProjectConfigurator - Adding source folder /round21_shaft/src/test/java
2022-03-14 23:57:12,361 [Worker-0: Importing Maven projects] INFO  o.e.m.j.i.AbstractJavaProjectConfigurator - Adding resource folder /round21_shaft/src/test/resources
2022-03-14 23:57:12,456 [Worker-0: Importing Maven projects] INFO  o.e.m.c.i.p.ProjectConfigurationManager - Imported and configured 1 project(s) in 20 sec
2022-03-14 23:57:12,745 [AetherRepositoryConnector-automatest.jfrog.io-1-0] INFO  o.e.m.c.i.e.AbstractTransferListenerAdapter - Downloaded https://automatest.jfrog.io/artifactory/SHAFT_ENGINE/io/github/mohabmohie/SHAFT_ENGINE/6.1.20220224/SHAFT_ENGINE-6.1.20220224.jar
2022-03-14 23:57:12,949 [AetherRepositoryConnector-repo.maven.apache.org-3-3] INFO  o.e.m.c.i.e.AbstractTransferListenerAdapter - Downloading https://repo.maven.apache.org/maven2/io/netty/netty-buffer/4.1.74.Final/netty-buffer-4.1.74.Final.jar
2022-03-14 23:57:13,016 [AetherRepositoryConnector-repo.maven.apache.org-3-2] INFO  o.e.m.c.i.e.AbstractTransferListenerAdapter - Downloading https://repo.maven.apache.org/maven2/io/netty/netty-resolver/4.1.74.Final/netty-resolver-4.1.74.Final.jar
2022-03-14 23:57:13,050 [Worker-1: Building] WARN  o.e.m.c.i.embedder.EclipseLogger - Using platform encoding (UTF-8 actually) to copy filtered resources, i.e. build is platform dependent!
2022-03-14 23:57:13,052 [Worker-1: Building] INFO  o.e.m.c.i.embedder.EclipseLogger - Copying 14 resources
2022-03-14 23:57:13,059 [Worker-1: Building] WARN  o.e.m.c.i.embedder.EclipseLogger - Using platform encoding (UTF-8 actually) to copy filtered resources, i.e. build is platform dependent!
2022-03-14 23:57:13,059 [Worker-1: Building] INFO  o.e.m.c.i.embedder.EclipseLogger - Copying 0 resource
2022-03-14 23:57:13,116 [AetherRepositoryConnector-repo.maven.apache.org-3-0] INFO  o.e.m.c.i.e.AbstractTransferListenerAdapter - Downloading https://repo.maven.apache.org/maven2/io/netty/netty-handler/4.1.74.Final/netty-handler-4.1.74.Final.jar
2022-03-14 23:57:13,116 [AetherRepositoryConnector-repo.maven.apache.org-3-1] INFO  o.e.m.c.i.e.AbstractTransferListenerAdapter - Downloading https://repo.maven.apache.org/maven2/io/netty/netty-common/4.1.74.Final/netty-common-4.1.74.Final.jar
2022-03-14 23:57:13,116 [AetherRepositoryConnector-repo.maven.apache.org-3-4] INFO  o.e.m.c.i.e.AbstractTransferListenerAdapter - Downloading https://repo.maven.apache.org/maven2/io/netty/netty-transport/4.1.74.Final/netty-transport-4.1.74.Final.jar
2022-03-14 23:57:13,210 [AetherRepositoryConnector-repo.maven.apache.org-3-2] INFO  o.e.m.c.i.e.AbstractTransferListenerAdapter - Downloaded https://repo.maven.apache.org/maven2/io/netty/netty-resolver/4.1.74.Final/netty-resolver-4.1.74.Final.jar
2022-03-14 23:57:13,376 [AetherRepositoryConnector-repo.maven.apache.org-3-2] INFO  o.e.m.c.i.e.AbstractTransferListenerAdapter - Downloading https://repo.maven.apache.org/maven2/io/netty/netty-codec/4.1.74.Final/netty-codec-4.1.74.Final.jar
2022-03-14 23:57:13,640 [AetherRepositoryConnector-repo.maven.apache.org-3-3] INFO  o.e.m.c.i.e.AbstractTransferListenerAdapter - Downloaded https://repo.maven.apache.org/maven2/io/netty/netty-buffer/4.1.74.Final/netty-buffer-4.1.74.Final.jar
2022-03-14 23:57:13,830 [AetherRepositoryConnector-repo.maven.apache.org-3-3] INFO  o.e.m.c.i.e.AbstractTransferListenerAdapter - Downloading https://repo.maven.apache.org/maven2/io/netty/netty-tcnative-classes/2.0.48.Final/netty-tcnative-classes-2.0.48.Final.jar
2022-03-14 23:57:14,217 [AetherRepositoryConnector-repo.maven.apache.org-3-3] INFO  o.e.m.c.i.e.AbstractTransferListenerAdapter - Downloaded https://repo.maven.apache.org/maven2/io/netty/netty-tcnative-classes/2.0.48.Final/netty-tcnative-classes-2.0.48.Final.jar
2022-03-14 23:57:14,316 [Worker-7: Download sources and javadoc] INFO  o.e.m.c.i.e.AbstractTransferListenerAdapter - Downloading https://automatest.jfrog.io/artifactory/SHAFT_ENGINE/io/github/mohabmohie/SHAFT_ENGINE/6.1.20220224/SHAFT_ENGINE-6.1.20220224-sources.jar
2022-03-14 23:57:14,409 [AetherRepositoryConnector-repo.maven.apache.org-3-3] INFO  o.e.m.c.i.e.AbstractTransferListenerAdapter - Downloading https://repo.maven.apache.org/maven2/org/apache/poi/poi/5.2.0/poi-5.2.0.jar
2022-03-14 23:57:14,429 [AetherRepositoryConnector-repo.maven.apache.org-3-2] INFO  o.e.m.c.i.e.AbstractTransferListenerAdapter - Downloaded https://repo.maven.apache.org/maven2/io/netty/netty-codec/4.1.74.Final/netty-codec-4.1.74.Final.jar
2022-03-14 23:57:14,548 [AetherRepositoryConnector-repo.maven.apache.org-3-2] INFO  o.e.m.c.i.e.AbstractTransferListenerAdapter - Downloading https://repo.maven.apache.org/maven2/org/apache/poi/poi-ooxml/5.2.0/poi-ooxml-5.2.0.jar
2022-03-14 23:57:14,647 [AetherRepositoryConnector-repo.maven.apache.org-3-4] INFO  o.e.m.c.i.e.AbstractTransferListenerAdapter - Downloaded https://repo.maven.apache.org/maven2/io/netty/netty-transport/4.1.74.Final/netty-transport-4.1.74.Final.jar
2022-03-14 23:57:14,721 [AetherRepositoryConnector-repo.maven.apache.org-3-0] INFO  o.e.m.c.i.e.AbstractTransferListenerAdapter - Downloaded https://repo.maven.apache.org/maven2/io/netty/netty-handler/4.1.74.Final/netty-handler-4.1.74.Final.jar
2022-03-14 23:57:14,822 [AetherRepositoryConnector-repo.maven.apache.org-3-4] INFO  o.e.m.c.i.e.AbstractTransferListenerAdapter - Downloading https://repo.maven.apache.org/maven2/org/apache/poi/poi-ooxml-lite/5.2.0/poi-ooxml-lite-5.2.0.jar
2022-03-14 23:57:14,946 [Worker-7: Download sources and javadoc] INFO  o.e.m.c.i.e.AbstractTransferListenerAdapter - Downloaded https://automatest.jfrog.io/artifactory/SHAFT_ENGINE/io/github/mohabmohie/SHAFT_ENGINE/6.1.20220224/SHAFT_ENGINE-6.1.20220224-sources.jar
2022-03-14 23:57:14,947 [Worker-7: Download sources and javadoc] INFO  o.e.m.j.internal.DownloadSourcesJob - Downloaded sources for io.github.mohabmohie:SHAFT_ENGINE:6.1.20220224
2022-03-14 23:57:14,987 [AetherRepositoryConnector-repo.maven.apache.org-3-1] INFO  o.e.m.c.i.e.AbstractTransferListenerAdapter - Downloaded https://repo.maven.apache.org/maven2/io/netty/netty-common/4.1.74.Final/netty-common-4.1.74.Final.jar
2022-03-14 23:57:15,730 [Worker-7: Download sources and javadoc] INFO  o.e.m.c.i.e.AbstractTransferListenerAdapter - Downloaded https://automatest.jfrog.io/artifactory/SHAFT_ENGINE/io/netty/netty-handler/4.1.74.Final/netty-handler-4.1.74.Final-sources.jar
2022-03-14 23:57:16,050 [Worker-7: Download sources and javadoc] INFO  o.e.m.c.i.e.AbstractTransferListenerAdapter - Downloading https://repo.maven.apache.org/maven2/io/netty/netty-handler/4.1.74.Final/netty-handler-4.1.74.Final-sources.jar
2022-03-14 23:57:16,383 [Worker-7: Download sources and javadoc] INFO  o.e.m.c.i.e.AbstractTransferListenerAdapter - Downloaded https://repo.maven.apache.org/maven2/io/netty/netty-handler/4.1.74.Final/netty-handler-4.1.74.Final-sources.jar
2022-03-14 23:57:16,384 [Worker-7: Download sources and javadoc] INFO  o.e.m.j.internal.DownloadSourcesJob - Downloaded sources for io.netty:netty-handler:4.1.74.Final
2022-03-14 23:57:17,074 [Worker-6: Building] WARN  o.e.m.c.i.embedder.EclipseLogger - Using platform encoding (UTF-8 actually) to copy filtered resources, i.e. build is platform dependent!
2022-03-14 23:57:17,076 [Worker-6: Building] INFO  o.e.m.c.i.embedder.EclipseLogger - Copying 14 resources
2022-03-14 23:57:17,078 [Worker-6: Building] WARN  o.e.m.c.i.embedder.EclipseLogger - Using platform encoding (UTF-8 actually) to copy filtered resources, i.e. build is platform dependent!
2022-03-14 23:57:17,078 [Worker-6: Building] INFO  o.e.m.c.i.embedder.EclipseLogger - Copying 0 resource
2022-03-14 23:57:17,171 [Worker-7: Download sources and javadoc] INFO  o.e.m.c.i.e.AbstractTransferListenerAdapter - Downloaded https://automatest.jfrog.io/artifactory/SHAFT_ENGINE/io/netty/netty-common/4.1.74.Final/netty-common-4.1.74.Final-sources.jar
2022-03-14 23:57:17,377 [Worker-7: Download sources and javadoc] INFO  o.e.m.c.i.e.AbstractTransferListenerAdapter - Downloading https://repo.maven.apache.org/maven2/io/netty/netty-common/4.1.74.Final/netty-common-4.1.74.Final-sources.jar
2022-03-14 23:57:17,687 [Worker-7: Download sources and javadoc] INFO  o.e.m.c.i.e.AbstractTransferListenerAdapter - Downloaded https://repo.maven.apache.org/maven2/io/netty/netty-common/4.1.74.Final/netty-common-4.1.74.Final-sources.jar
2022-03-14 23:57:17,688 [Worker-7: Download sources and javadoc] INFO  o.e.m.j.internal.DownloadSourcesJob - Downloaded sources for io.netty:netty-common:4.1.74.Final
2022-03-14 23:57:18,486 [Worker-7: Download sources and javadoc] INFO  o.e.m.c.i.e.AbstractTransferListenerAdapter - Downloaded https://automatest.jfrog.io/artifactory/SHAFT_ENGINE/io/netty/netty-resolver/4.1.74.Final/netty-resolver-4.1.74.Final-sources.jar
2022-03-14 23:57:18,655 [AetherRepositoryConnector-repo.maven.apache.org-3-2] INFO  o.e.m.c.i.e.AbstractTransferListenerAdapter - Downloaded https://repo.maven.apache.org/maven2/org/apache/poi/poi-ooxml/5.2.0/poi-ooxml-5.2.0.jar
2022-03-14 23:57:18,672 [Worker-7: Download sources and javadoc] INFO  o.e.m.c.i.e.AbstractTransferListenerAdapter - Downloading https://repo.maven.apache.org/maven2/io/netty/netty-resolver/4.1.74.Final/netty-resolver-4.1.74.Final-sources.jar
2022-03-14 23:57:18,761 [Worker-7: Download sources and javadoc] INFO  o.e.m.c.i.e.AbstractTransferListenerAdapter - Downloaded https://repo.maven.apache.org/maven2/io/netty/netty-resolver/4.1.74.Final/netty-resolver-4.1.74.Final-sources.jar
2022-03-14 23:57:18,764 [Worker-7: Download sources and javadoc] INFO  o.e.m.j.internal.DownloadSourcesJob - Downloaded sources for io.netty:netty-resolver:4.1.74.Final
2022-03-14 23:57:19,538 [Worker-7: Download sources and javadoc] INFO  o.e.m.c.i.e.AbstractTransferListenerAdapter - Downloaded https://automatest.jfrog.io/artifactory/SHAFT_ENGINE/io/netty/netty-buffer/4.1.74.Final/netty-buffer-4.1.74.Final-sources.jar
2022-03-14 23:57:19,728 [Worker-7: Download sources and javadoc] INFO  o.e.m.c.i.e.AbstractTransferListenerAdapter - Downloading https://repo.maven.apache.org/maven2/io/netty/netty-buffer/4.1.74.Final/netty-buffer-4.1.74.Final-sources.jar
2022-03-14 23:57:19,742 [AetherRepositoryConnector-repo.maven.apache.org-3-3] INFO  o.e.m.c.i.e.AbstractTransferListenerAdapter - Downloaded https://repo.maven.apache.org/maven2/org/apache/poi/poi/5.2.0/poi-5.2.0.jar
2022-03-14 23:57:19,892 [Worker-7: Download sources and javadoc] INFO  o.e.m.c.i.e.AbstractTransferListenerAdapter - Downloaded https://repo.maven.apache.org/maven2/io/netty/netty-buffer/4.1.74.Final/netty-buffer-4.1.74.Final-sources.jar
2022-03-14 23:57:19,892 [Worker-7: Download sources and javadoc] INFO  o.e.m.j.internal.DownloadSourcesJob - Downloaded sources for io.netty:netty-buffer:4.1.74.Final
2022-03-14 23:57:20,647 [Worker-7: Download sources and javadoc] INFO  o.e.m.c.i.e.AbstractTransferListenerAdapter - Downloaded https://automatest.jfrog.io/artifactory/SHAFT_ENGINE/io/netty/netty-transport/4.1.74.Final/netty-transport-4.1.74.Final-sources.jar
2022-03-14 23:57:20,854 [Worker-7: Download sources and javadoc] INFO  o.e.m.c.i.e.AbstractTransferListenerAdapter - Downloading https://repo.maven.apache.org/maven2/io/netty/netty-transport/4.1.74.Final/netty-transport-4.1.74.Final-sources.jar
2022-03-14 23:57:21,080 [Worker-7: Download sources and javadoc] INFO  o.e.m.c.i.e.AbstractTransferListenerAdapter - Downloaded https://repo.maven.apache.org/maven2/io/netty/netty-transport/4.1.74.Final/netty-transport-4.1.74.Final-sources.jar
2022-03-14 23:57:21,081 [Worker-7: Download sources and javadoc] INFO  o.e.m.j.internal.DownloadSourcesJob - Downloaded sources for io.netty:netty-transport:4.1.74.Final
2022-03-14 23:57:21,259 [AetherRepositoryConnector-repo.maven.apache.org-3-4] INFO  o.e.m.c.i.e.AbstractTransferListenerAdapter - Downloaded https://repo.maven.apache.org/maven2/org/apache/poi/poi-ooxml-lite/5.2.0/poi-ooxml-lite-5.2.0.jar
2022-03-14 23:57:21,932 [Worker-7: Download sources and javadoc] INFO  o.e.m.c.i.e.AbstractTransferListenerAdapter - Downloaded https://automatest.jfrog.io/artifactory/SHAFT_ENGINE/io/netty/netty-codec/4.1.74.Final/netty-codec-4.1.74.Final-sources.jar
2022-03-14 23:57:22,127 [Worker-7: Download sources and javadoc] INFO  o.e.m.c.i.e.AbstractTransferListenerAdapter - Downloading https://repo.maven.apache.org/maven2/io/netty/netty-codec/4.1.74.Final/netty-codec-4.1.74.Final-sources.jar
2022-03-14 23:57:22,302 [Worker-7: Download sources and javadoc] INFO  o.e.m.c.i.e.AbstractTransferListenerAdapter - Downloaded https://repo.maven.apache.org/maven2/io/netty/netty-codec/4.1.74.Final/netty-codec-4.1.74.Final-sources.jar
2022-03-14 23:57:22,302 [Worker-7: Download sources and javadoc] INFO  o.e.m.j.internal.DownloadSourcesJob - Downloaded sources for io.netty:netty-codec:4.1.74.Final
2022-03-14 23:57:23,056 [Worker-7: Download sources and javadoc] INFO  o.e.m.c.i.e.AbstractTransferListenerAdapter - Downloaded https://automatest.jfrog.io/artifactory/SHAFT_ENGINE/io/netty/netty-tcnative-classes/2.0.48.Final/netty-tcnative-classes-2.0.48.Final-sources.jar
2022-03-14 23:57:23,257 [Worker-7: Download sources and javadoc] INFO  o.e.m.c.i.e.AbstractTransferListenerAdapter - Downloading https://repo.maven.apache.org/maven2/io/netty/netty-tcnative-classes/2.0.48.Final/netty-tcnative-classes-2.0.48.Final-sources.jar
2022-03-14 23:57:23,352 [Worker-7: Download sources and javadoc] INFO  o.e.m.c.i.e.AbstractTransferListenerAdapter - Downloaded https://repo.maven.apache.org/maven2/io/netty/netty-tcnative-classes/2.0.48.Final/netty-tcnative-classes-2.0.48.Final-sources.jar
2022-03-14 23:57:23,354 [Worker-7: Download sources and javadoc] INFO  o.e.m.j.internal.DownloadSourcesJob - Downloaded sources for io.netty:netty-tcnative-classes:2.0.48.Final
2022-03-14 23:57:24,143 [Worker-7: Download sources and javadoc] INFO  o.e.m.c.i.e.AbstractTransferListenerAdapter - Downloaded https://automatest.jfrog.io/artifactory/SHAFT_ENGINE/org/apache/poi/poi/5.2.0/poi-5.2.0-sources.jar
2022-03-14 23:57:24,352 [Worker-7: Download sources and javadoc] INFO  o.e.m.c.i.e.AbstractTransferListenerAdapter - Downloading https://repo.maven.apache.org/maven2/org/apache/poi/poi/5.2.0/poi-5.2.0-sources.jar
2022-03-14 23:57:25,099 [Worker-7: Download sources and javadoc] INFO  o.e.m.c.i.e.AbstractTransferListenerAdapter - Downloaded https://repo.maven.apache.org/maven2/org/apache/poi/poi/5.2.0/poi-5.2.0-sources.jar
2022-03-14 23:57:25,099 [Worker-7: Download sources and javadoc] INFO  o.e.m.j.internal.DownloadSourcesJob - Downloaded sources for org.apache.poi:poi:5.2.0
2022-03-14 23:57:25,890 [Worker-7: Download sources and javadoc] INFO  o.e.m.c.i.e.AbstractTransferListenerAdapter - Downloaded https://automatest.jfrog.io/artifactory/SHAFT_ENGINE/org/apache/poi/poi-ooxml/5.2.0/poi-ooxml-5.2.0-sources.jar
2022-03-14 23:57:26,091 [Worker-7: Download sources and javadoc] INFO  o.e.m.c.i.e.AbstractTransferListenerAdapter - Downloading https://repo.maven.apache.org/maven2/org/apache/poi/poi-ooxml/5.2.0/poi-ooxml-5.2.0-sources.jar
2022-03-14 23:57:26,611 [Worker-7: Download sources and javadoc] INFO  o.e.m.c.i.e.AbstractTransferListenerAdapter - Downloaded https://repo.maven.apache.org/maven2/org/apache/poi/poi-ooxml/5.2.0/poi-ooxml-5.2.0-sources.jar
2022-03-14 23:57:26,612 [Worker-7: Download sources and javadoc] INFO  o.e.m.j.internal.DownloadSourcesJob - Downloaded sources for org.apache.poi:poi-ooxml:5.2.0
2022-03-14 23:57:27,231 [Worker-7: Download sources and javadoc] INFO  o.e.m.c.i.e.AbstractTransferListenerAdapter - Downloaded https://automatest.jfrog.io/artifactory/SHAFT_ENGINE/org/apache/poi/poi-ooxml-lite/5.2.0/poi-ooxml-lite-5.2.0-sources.jar
2022-03-14 23:57:27,420 [Worker-7: Download sources and javadoc] INFO  o.e.m.c.i.e.AbstractTransferListenerAdapter - Downloading https://repo.maven.apache.org/maven2/org/apache/poi/poi-ooxml-lite/5.2.0/poi-ooxml-lite-5.2.0-sources.jar
2022-03-14 23:57:31,046 [Worker-7: Download sources and javadoc] INFO  o.e.m.c.i.e.AbstractTransferListenerAdapter - Downloaded https://repo.maven.apache.org/maven2/org/apache/poi/poi-ooxml-lite/5.2.0/poi-ooxml-lite-5.2.0-sources.jar
2022-03-14 23:57:31,047 [Worker-7: Download sources and javadoc] INFO  o.e.m.j.internal.DownloadSourcesJob - Downloaded sources for org.apache.poi:poi-ooxml-lite:5.2.0
2022-03-14 23:57:31,349 [Worker-20: Building] WARN  o.e.m.c.i.embedder.EclipseLogger - Using platform encoding (UTF-8 actually) to copy filtered resources, i.e. build is platform dependent!
2022-03-14 23:57:31,350 [Worker-20: Building] INFO  o.e.m.c.i.embedder.EclipseLogger - Copying 14 resources
2022-03-14 23:57:31,352 [Worker-20: Building] WARN  o.e.m.c.i.embedder.EclipseLogger - Using platform encoding (UTF-8 actually) to copy filtered resources, i.e. build is platform dependent!
2022-03-14 23:57:31,353 [Worker-20: Building] INFO  o.e.m.c.i.embedder.EclipseLogger - Copying 0 resource
2022-03-14 23:59:00,086 [Worker-1: Loading available Gradle versions] INFO  o.e.b.c.i.u.g.PublishedGradleVersions - Gradle version information cache is up-to-date. Trying to read.
2022-03-15 00:03:12,066 [Worker-10: Building] INFO  o.e.m.c.i.l.LifecycleMappingFactory - Using org.eclipse.m2e.jdt.JarLifecycleMapping lifecycle mapping for MavenProject: io.github.mohabmohie:round21_shaft:0.0.1-SNAPSHOT @ /Users/heshamkhaled/Downloads/round21_shaft/pom.xml.
2022-03-15 00:03:12,559 [Worker-10: Building] WARN  o.e.m.c.i.embedder.EclipseLogger - Using platform encoding (UTF-8 actually) to copy filtered resources, i.e. build is platform dependent!
2022-03-15 00:03:12,562 [Worker-10: Building] INFO  o.e.m.c.i.embedder.EclipseLogger - Copying 14 resources
2022-03-15 00:03:12,565 [Worker-10: Building] WARN  o.e.m.c.i.embedder.EclipseLogger - Using platform encoding (UTF-8 actually) to copy filtered resources, i.e. build is platform dependent!
2022-03-15 00:03:12,565 [Worker-10: Building] INFO  o.e.m.c.i.embedder.EclipseLogger - Copying 0 resource
2022-03-15 00:03:14,260 [Worker-12: Building] WARN  o.e.m.c.i.embedder.EclipseLogger - Using platform encoding (UTF-8 actually) to copy filtered resources, i.e. build is platform dependent!
2022-03-15 00:03:14,262 [Worker-12: Building] INFO  o.e.m.c.i.embedder.EclipseLogger - Copying 14 resources
2022-03-15 00:03:14,265 [Worker-12: Building] WARN  o.e.m.c.i.embedder.EclipseLogger - Using platform encoding (UTF-8 actually) to copy filtered resources, i.e. build is platform dependent!
2022-03-15 00:03:14,266 [Worker-12: Building] INFO  o.e.m.c.i.embedder.EclipseLogger - Copying 0 resource
2022-03-15 00:03:24,710 [Worker-9: Building] WARN  o.e.m.c.i.embedder.EclipseLogger - Using platform encoding (UTF-8 actually) to copy filtered resources, i.e. build is platform dependent!
2022-03-15 00:03:24,711 [Worker-9: Building] INFO  o.e.m.c.i.embedder.EclipseLogger - Copying 0 resource
2022-03-15 00:03:24,711 [Worker-9: Building] WARN  o.e.m.c.i.embedder.EclipseLogger - Using platform encoding (UTF-8 actually) to copy filtered resources, i.e. build is platform dependent!
2022-03-15 00:03:24,711 [Worker-9: Building] INFO  o.e.m.c.i.embedder.EclipseLogger - Copying 0 resource
2022-03-15 00:04:28,958 [Worker-12: Building] INFO  o.e.m.c.i.l.LifecycleMappingFactory - Using org.eclipse.m2e.jdt.JarLifecycleMapping lifecycle mapping for MavenProject: io.github.mohabmohie:round21_shaft:0.0.1-SNAPSHOT @ /Users/heshamkhaled/Downloads/round21_shaft/pom.xml.
2022-03-15 00:04:29,260 [Worker-12: Building] WARN  o.e.m.c.i.embedder.EclipseLogger - Using platform encoding (UTF-8 actually) to copy filtered resources, i.e. build is platform dependent!
2022-03-15 00:04:29,261 [Worker-12: Building] INFO  o.e.m.c.i.embedder.EclipseLogger - Copying 0 resource
2022-03-15 00:04:29,262 [Worker-12: Building] WARN  o.e.m.c.i.embedder.EclipseLogger - Using platform encoding (UTF-8 actually) to copy filtered resources, i.e. build is platform dependent!
2022-03-15 00:04:29,262 [Worker-12: Building] INFO  o.e.m.c.i.embedder.EclipseLogger - Copying 0 resource
2022-03-15 00:13:23,280 [Worker-8: Launching TestClass.assertThatGoogleLogoDisplayed] WARN  o.e.m.c.i.embedder.EclipseLogger - Using platform encoding (UTF-8 actually) to copy filtered resources, i.e. build is platform dependent!
2022-03-15 00:13:23,280 [Worker-8: Launching TestClass.assertThatGoogleLogoDisplayed] INFO  o.e.m.c.i.embedder.EclipseLogger - Copying 0 resource
2022-03-15 00:13:23,280 [Worker-8: Launching TestClass.assertThatGoogleLogoDisplayed] WARN  o.e.m.c.i.embedder.EclipseLogger - Using platform encoding (UTF-8 actually) to copy filtered resources, i.e. build is platform dependent!
2022-03-15 00:13:23,281 [Worker-8: Launching TestClass.assertThatGoogleLogoDisplayed] INFO  o.e.m.c.i.embedder.EclipseLogger - Copying 0 resource
2022-03-15 00:14:54,913 [Worker-29: Launching TestClass.assertThatGoogleLogoDisplayed] WARN  o.e.m.c.i.embedder.EclipseLogger - Using platform encoding (UTF-8 actually) to copy filtered resources, i.e. build is platform dependent!
2022-03-15 00:14:54,913 [Worker-29: Launching TestClass.assertThatGoogleLogoDisplayed] INFO  o.e.m.c.i.embedder.EclipseLogger - Copying 0 resource
2022-03-15 00:14:54,914 [Worker-29: Launching TestClass.assertThatGoogleLogoDisplayed] WARN  o.e.m.c.i.embedder.EclipseLogger - Using platform encoding (UTF-8 actually) to copy filtered resources, i.e. build is platform dependent!
2022-03-15 00:14:54,914 [Worker-29: Launching TestClass.assertThatGoogleLogoDisplayed] INFO  o.e.m.c.i.embedder.EclipseLogger - Copying 0 resource
2022-03-15 00:19:32,942 [Worker-8: Launching TestClass] WARN  o.e.m.c.i.embedder.EclipseLogger - Using platform encoding (UTF-8 actually) to copy filtered resources, i.e. build is platform dependent!
2022-03-15 00:19:32,943 [Worker-8: Launching TestClass] INFO  o.e.m.c.i.embedder.EclipseLogger - Copying 0 resource
2022-03-15 00:19:32,943 [Worker-8: Launching TestClass] WARN  o.e.m.c.i.embedder.EclipseLogger - Using platform encoding (UTF-8 actually) to copy filtered resources, i.e. build is platform dependent!
2022-03-15 00:19:32,943 [Worker-8: Launching TestClass] INFO  o.e.m.c.i.embedder.EclipseLogger - Copying 0 resource
2022-03-15 00:55:45,393 [Worker-38: Building] WARN  o.e.m.c.i.embedder.EclipseLogger - Using platform encoding (UTF-8 actually) to copy filtered resources, i.e. build is platform dependent!
2022-03-15 00:55:45,395 [Worker-38: Building] INFO  o.e.m.c.i.embedder.EclipseLogger - Copying 1 resource
2022-03-15 00:55:45,398 [Worker-38: Building] WARN  o.e.m.c.i.embedder.EclipseLogger - Using platform encoding (UTF-8 actually) to copy filtered resources, i.e. build is platform dependent!
2022-03-15 00:55:45,399 [Worker-38: Building] INFO  o.e.m.c.i.embedder.EclipseLogger - Copying 0 resource
2022-03-15 00:58:16,405 [Worker-36: Building] WARN  o.e.m.c.i.embedder.EclipseLogger - Using platform encoding (UTF-8 actually) to copy filtered resources, i.e. build is platform dependent!
2022-03-15 00:58:16,405 [Worker-36: Building] INFO  o.e.m.c.i.embedder.EclipseLogger - Copying 0 resource
2022-03-15 00:58:16,406 [Worker-36: Building] WARN  o.e.m.c.i.embedder.EclipseLogger - Using platform encoding (UTF-8 actually) to copy filtered resources, i.e. build is platform dependent!
2022-03-15 00:58:16,406 [Worker-36: Building] INFO  o.e.m.c.i.embedder.EclipseLogger - Copying 0 resource
